  main.cpp
e:\blacky\vault\projects\cloth\dynamic simulator\camara.h(24): warning C4305: 'initializing': truncation from 'double' to 'GLfloat'
e:\blacky\vault\projects\cloth\dynamic simulator\camara.h(55): warning C4305: 'initializing': truncation from 'double' to 'GLfloat'
e:\blacky\vault\projects\cloth\dynamic simulator\drawing_mesh.h(54): warning C4244: 'argument': conversion from 'GLuint' to 'GLfloat', possible loss of data
e:\blacky\vault\projects\cloth\dynamic simulator\drawing_mesh.h(60): warning C4267: 'argument': conversion from 'size_t' to 'GLsizei', possible loss of data
e:\blacky\vault\projects\cloth\dynamic simulator\mesh_loader.h(37): warning C4018: '<': signed/unsigned mismatch
e:\blacky\vault\projects\cloth\dynamic simulator\mesh_loader.h(41): warning C4018: '<': signed/unsigned mismatch
e:\blacky\vault\projects\cloth\dynamic simulator\mesh_loader.h(50): warning C4018: '<': signed/unsigned mismatch
e:\blacky\vault\projects\cloth\dynamic simulator\mesh_loader.h(69): warning C4018: '<': signed/unsigned mismatch
e:\blacky\vault\projects\cloth\dynamic simulator\mesh_loader.h(71): warning C4018: '<': signed/unsigned mismatch
e:\blacky\vault\projects\cloth\dynamic simulator\plane.h(78): warning C4244: 'argument': conversion from '__int64' to 'unsigned int', possible loss of data
e:\blacky\vault\projects\cloth\dynamic simulator\plane.h(167): warning C4244: 'argument': conversion from '__int64' to 'unsigned int', possible loss of data
  GLM: perspective function taking degrees as a parameter is deprecated. #define GLM_FORCE_RADIANS before including GLM headers to remove this message.
  GLM: rotate function taking degrees as a parameter is deprecated. #define GLM_FORCE_RADIANS before including GLM headers to remove this message.
  soil.lib(SOIL.obj) : MSIL .netmodule or module compiled with /GL found; restarting link with /LTCG; add /LTCG to the link command line to improve linker performance
LINK : warning LNK4075: ignoring '/INCREMENTAL' due to '/LTCG' specification
LINK : warning LNK4098: defaultlib 'MSVCRT' conflicts with use of other libs; use /NODEFAULTLIB:library
  Generating code
  Finished generating code
soil.lib(SOIL.obj) : warning LNK4099: PDB 'vc120.pdb' was not found with 'soil.lib(SOIL.obj)' or at 'E:\Blacky\vault\projects\cloth\dynamic simulator\x64\Debug\vc120.pdb'; linking object as if no debug info
soil.lib(stb_image_aug.obj) : warning LNK4099: PDB 'vc120.pdb' was not found with 'soil.lib(stb_image_aug.obj)' or at 'E:\Blacky\vault\projects\cloth\dynamic simulator\x64\Debug\vc120.pdb'; linking object as if no debug info
soil.lib(image_helper.obj) : warning LNK4099: PDB 'vc120.pdb' was not found with 'soil.lib(image_helper.obj)' or at 'E:\Blacky\vault\projects\cloth\dynamic simulator\x64\Debug\vc120.pdb'; linking object as if no debug info
soil.lib(image_DXT.obj) : warning LNK4099: PDB 'vc120.pdb' was not found with 'soil.lib(image_DXT.obj)' or at 'E:\Blacky\vault\projects\cloth\dynamic simulator\x64\Debug\vc120.pdb'; linking object as if no debug info
  dynamic simulator.vcxproj -> E:\Blacky\vault\projects\cloth\dynamic simulator\x64\Debug\dynamic simulator.exe
  dynamic simulator.vcxproj -> E:\Blacky\vault\projects\cloth\dynamic simulator\x64\Debug\dynamic simulator.pdb (Partial PDB)
